Thu Oct 27 22:15:23 CEST 2022  ----  Intento de registro INCORRECTO  ----  Anónimo
Thu Oct 27 22:15:47 CEST 2022  ----  Intento de registro INCORRECTO  ----  Anónimo
Thu Oct 27 22:15:49 CEST 2022  ----  Intento de registro INCORRECTO  ----  Anónimo
Thu Oct 27 22:15:50 CEST 2022  ----  Intento de registro INCORRECTO  ----  Anónimo
Thu Oct 27 22:15:52 CEST 2022  ----  Intento de registro INCORRECTO  ----  Anónimo
Thu Oct 27 22:16:10 CEST 2022  ----  Intento de registro CORRECTO  ----  Anónimo
Thu Oct 27 22:16:12 CEST 2022  ----  Intento de registro CORRECTO  ----  Anónimo
Thu Oct 27 22:16:12 CEST 2022  ----  Intento de registro CORRECTO  ----  Anónimo
Thu Oct 27 22:16:14 CEST 2022  ----  Intento de registro CORRECTO  ----  Anónimo
Thu Oct 27 22:16:15 CEST 2022  ----  Intento de registro CORRECTO  ----  Anónimo
Sat Oct 29 10:11:56 CEST 2022  ----  Intento de registro CORRECTO  ----  Anónimo
Sat Oct 29 10:11:57 CEST 2022  ----  Intento de registro CORRECTO  ----  Anónimo
Sat Oct 29 10:11:58 CEST 2022  ----  Intento de registro CORRECTO  ----  Anónimo
Sat Oct 29 10:12:03 CEST 2022  ----  Intento de registro INCORRECTO  ----  Anónimo
Sat Oct 29 10:12:04 CEST 2022  ----  Intento de registro INCORRECTO  ----  Anónimo
Sat Oct 29 10:12:06 CEST 2022  ----  Intento de registro INCORRECTO  ----  Anónimo
Sat Oct 29 10:12:47 CEST 2022  ----  Intento de registro INCORRECTO  ----  Anónimo
Sat Oct 29 10:12:49 CEST 2022  ----  Intento de registro INCORRECTO  ----  Anónimo
Sat Oct 29 10:12:53 CEST 2022  ----  Intento de registro INCORRECTO  ----  Anónimo
Sat Oct 29 10:13:04 CEST 2022  ----  Intento de registro CORRECTO  ----  Anónimo
Sat Oct 29 10:13:05 CEST 2022  ----  Intento de registro CORRECTO  ----  Anónimo
Sat Oct 29 10:13:06 CEST 2022  ----  Intento de registro CORRECTO  ----  Anónimo
Sun Oct 30 03:16:41 CET 2022  ----  Intento de registro INCORRECTO  ----  dedo
Sun Oct 30 03:16:59 CET 2022  ----  Intento de registro CORRECTO  ----  dedo
Sun Oct 30 03:17:35 CET 2022  ----  Intento de registro INCORRECTO  ----  dedo
Sun Oct 30 03:17:46 CET 2022  ----  Intento de registro INCORRECTO  ----  dedo
Sun Oct 30 03:18:05 CET 2022  ----  Intento de registro INCORRECTO  ----  dedo
Sun Oct 30 03:18:12 CET 2022  ----  Intento de registro CORRECTO  ----  dedo
Sun Oct 30 03:30:10 CET 2022  ----  Intento de registro INCORRECTO  ----  mano
Sun Oct 30 03:31:57 CET 2022  ----  Intento de registro INCORRECTO  ----  mano
Sun Oct 30 03:33:21 CET 2022  ----  Intento de registro INCORRECTO  ----  mano
Sun Oct 30 03:33:26 CET 2022  ----  Intento de registro CORRECTO  ----  mano
Sun Oct 30 03:33:49 CET 2022  ----  Intento de registro INCORRECTO  ----  pie
Sun Oct 30 03:33:53 CET 2022  ----  Intento de registro CORRECTO  ----  pie
Sun Oct 30 11:41:44 CET 2022  ----  Intento de registro INCORRECTO  ----  hombro
Sun Oct 30 11:41:47 CET 2022  ----  Intento de registro CORRECTO  ----  hombro
Sun Oct 30 11:49:49 CET 2022  ----  Intento de registro INCORRECTO  ----  dedo
Sun Oct 30 11:49:54 CET 2022  ----  Intento de registro CORRECTO  ----  dedo
Sun Oct 30 11:51:37 CET 2022  ----  Intento de registro INCORRECTO  ----  mano
Sun Oct 30 11:51:40 CET 2022  ----  Intento de registro CORRECTO  ----  mano
Sun Oct 30 11:55:44 CET 2022  ----  Intento de registro INCORRECTO  ----  codo
Sun Oct 30 11:55:50 CET 2022  ----  Intento de registro CORRECTO  ----  codo
Sun Oct 30 11:59:53 CET 2022  ----  Intento de registro INCORRECTO  ----  rodi
Sun Oct 30 11:59:55 CET 2022  ----  Intento de registro CORRECTO  ----  rodi
Sun Oct 30 12:05:21 CET 2022  ----  Intento de registro INCORRECTO  ----  pelo
Sun Oct 30 12:06:11 CET 2022  ----  Intento de registro CORRECTO  ----  pelo
Sun Oct 30 12:15:59 CET 2022  ----  Intento de registro INCORRECTO  ----  uña
Sun Oct 30 12:16:22 CET 2022  ----  Intento de registro INCORRECTO  ----  uña
Sun Oct 30 12:16:39 CET 2022  ----  Intento de registro INCORRECTO  ----  uña
Sun Oct 30 12:18:45 CET 2022  ----  Intento de registro INCORRECTO  ----  uña
Sun Oct 30 12:18:46 CET 2022  ----  Intento de registro INCORRECTO  ----  uña
Sun Oct 30 12:20:07 CET 2022  ----  Intento de registro CORRECTO  ----  uña
Sun Oct 30 12:20:30 CET 2022  ----  Intento de registro CORRECTO  ----  uña
Sun Oct 30 12:20:41 CET 2022  ----  Intento de registro INCORRECTO  ----  dedo
Sun Oct 30 12:20:46 CET 2022  ----  Intento de registro CORRECTO  ----  dedo
Sun Oct 30 12:20:56 CET 2022  ----  Intento de registro CORRECTO  ----  admin
Sun Oct 30 12:21:04 CET 2022  ----  Intento de registro INCORRECTO  ----  admin
Sun Oct 30 12:21:05 CET 2022  ----  Intento de registro INCORRECTO  ----  admin
Sun Oct 30 12:22:21 CET 2022  ----  Intento de registro INCORRECTO  ----  admin
Sun Oct 30 12:22:21 CET 2022  ----  Intento de registro INCORRECTO  ----  admin
Sun Oct 30 12:22:22 CET 2022  ----  Intento de registro INCORRECTO  ----  admin
Sun Oct 30 12:22:22 CET 2022  ----  Intento de registro INCORRECTO  ----  admin
Sun Oct 30 12:22:31 CET 2022  ----  Intento de registro INCORRECTO  ----  pepe
Sun Oct 30 12:22:32 CET 2022  ----  Intento de registro INCORRECTO  ----  pepe
Sun Oct 30 12:22:32 CET 2022  ----  Intento de registro INCORRECTO  ----  pepe
Sun Oct 30 13:00:57 CET 2022  ----  Intento de registro INCORRECTO  ----  uña
Sun Oct 30 13:00:58 CET 2022  ----  Intento de registro INCORRECTO  ----  uña
Sun Oct 30 13:00:59 CET 2022  ----  Intento de registro INCORRECTO  ----  uña
Sun Oct 30 13:01:01 CET 2022  ----  Intento de registro INCORRECTO  ----  uña
Sun Oct 30 13:01:02 CET 2022  ----  Intento de registro INCORRECTO  ----  uña
Sun Oct 30 13:01:38 CET 2022  ----  Intento de registro INCORRECTO  ----  uña
Sun Oct 30 13:01:39 CET 2022  ----  Intento de registro INCORRECTO  ----  uña
Sun Oct 30 13:01:40 CET 2022  ----  Intento de registro INCORRECTO  ----  uña
Sun Oct 30 13:01:48 CET 2022  ----  Intento de registro INCORRECTO  ----  sd
Sun Oct 30 13:01:53 CET 2022  ----  Intento de registro CORRECTO  ----  sd
Sun Oct 30 13:02:17 CET 2022  ----  Intento de registro INCORRECTO  ----  uña
Sun Oct 30 13:02:18 CET 2022  ----  Intento de registro INCORRECTO  ----  uña
Sun Oct 30 13:02:19 CET 2022  ----  Intento de registro INCORRECTO  ----  uña
Sun Oct 30 13:03:46 CET 2022  ----  Intento de Inicio de Sesión INCORRECTO  ----  uña
Sun Oct 30 13:03:46 CET 2022  ----  Intento de Inicio de Sesión INCORRECTO  ----  uña
Sun Oct 30 13:03:46 CET 2022  ----  Intento de Inicio de Sesión INCORRECTO  ----  uña
Sun Oct 30 13:04:29 CET 2022  ----  Intento de Inicio de Sesión INCORRECTO  ----  pepe
Sun Oct 30 13:04:29 CET 2022  ----  Intento de Inicio de Sesión INCORRECTO  ----  pepe
Sun Oct 30 13:04:30 CET 2022  ----  Intento de Inicio de Sesión INCORRECTO  ----  pepe
Sun Oct 30 13:13:49 CET 2022  ----  Intento de Inicio de Sesión INCORRECTO  ----  pepe
Sun Oct 30 13:13:50 CET 2022  ----  Intento de Inicio de Sesión INCORRECTO  ----  pepe
Sun Oct 30 13:13:50 CET 2022  ----  Intento de Inicio de Sesión INCORRECTO  ----  pepe
Sun Oct 30 13:16:10 CET 2022  ----  Intento de Inicio de Sesión INCORRECTO  ----  admin
Sun Oct 30 13:16:10 CET 2022  ----  Intento de Inicio de Sesión INCORRECTO  ----  admin
Sun Oct 30 13:16:11 CET 2022  ----  Intento de Inicio de Sesión INCORRECTO  ----  admin
Sun Oct 30 13:16:12 CET 2022  ----  Intento de Inicio de Sesión INCORRECTO  ----  admin
Sun Oct 30 13:16:13 CET 2022  ----  Intento de Inicio de Sesión INCORRECTO  ----  admin
Sun Oct 30 13:16:13 CET 2022  ----  Intento de Inicio de Sesión INCORRECTO  ----  admin
Sun Oct 30 13:16:15 CET 2022  ----  Intento de Inicio de Sesión CORRECTO  ----  admin
Sun Oct 30 13:16:24 CET 2022  ----  Intento de Inicio de Sesión INCORRECTO  ----  dedo
Sun Oct 30 13:16:24 CET 2022  ----  Intento de Inicio de Sesión INCORRECTO  ----  dedo
Sun Oct 30 13:16:26 CET 2022  ----  Intento de Inicio de Sesión INCORRECTO  ----  dedo
Sun Oct 30 13:30:23 CET 2022  ----  Intento de Inicio de Sesión INCORRECTO  ----  uña
Tue Nov 01 00:20:49 CET 2022  ----  Intento de Inicio de Sesión INCORRECTO  ----  kike
Tue Nov 01 00:20:55 CET 2022  ----  Intento de Inicio de Sesión CORRECTO  ----  kike
Tue Nov 01 00:22:40 CET 2022  ----  Intento de Inicio de Sesión INCORRECTO  ----  a
Tue Nov 01 00:22:43 CET 2022  ----  Intento de Inicio de Sesión CORRECTO  ----  a
Tue Nov 01 00:22:53 CET 2022  ----  Intento de Inicio de Sesión INCORRECTO  ----  b
Tue Nov 01 00:22:54 CET 2022  ----  Intento de Inicio de Sesión CORRECTO  ----  b
Tue Nov 01 00:23:08 CET 2022  ----  Intento de Inicio de Sesión CORRECTO  ----  pepe
Tue Nov 01 00:23:19 CET 2022  ----  Intento de Inicio de Sesión CORRECTO  ----  kike
Tue Nov 01 00:23:36 CET 2022  ----  Intento de Inicio de Sesión INCORRECTO  ----  pepe
Tue Nov 01 00:23:40 CET 2022  ----  Intento de Inicio de Sesión INCORRECTO  ----  pepe
Tue Nov 01 00:23:43 CET 2022  ----  Intento de Inicio de Sesión INCORRECTO  ----  pepe
Tue Nov 01 00:23:53 CET 2022  ----  Intento de Inicio de Sesión INCORRECTO  ----  c
Tue Nov 01 00:23:54 CET 2022  ----  Intento de Inicio de Sesión CORRECTO  ----  c
Tue Nov 01 00:24:01 CET 2022  ----  Intento de Inicio de Sesión CORRECTO  ----  c
Tue Nov 01 00:24:08 CET 2022  ----  Intento de Inicio de Sesión INCORRECTO  ----  admin
Tue Nov 01 00:24:09 CET 2022  ----  Intento de Inicio de Sesión INCORRECTO  ----  admin
Tue Nov 01 00:24:09 CET 2022  ----  Intento de Inicio de Sesión INCORRECTO  ----  admin
Tue Nov 01 00:24:10 CET 2022  ----  Intento de Inicio de Sesión INCORRECTO  ----  admin
Tue Nov 01 00:24:10 CET 2022  ----  Intento de Inicio de Sesión INCORRECTO  ----  admin
Tue Nov 01 00:24:11 CET 2022  ----  Intento de Inicio de Sesión INCORRECTO  ----  admin
Tue Nov 01 00:24:12 CET 2022  ----  Intento de Inicio de Sesión INCORRECTO  ----  admin
Tue Nov 01 00:24:29 CET 2022  ----  Intento de Inicio de Sesión CORRECTO  ----  kike
Tue Nov 01 00:25:18 CET 2022  ----  Intento de Inicio de Sesión INCORRECTO  ----  d
Tue Nov 01 00:25:21 CET 2022  ----  Intento de Inicio de Sesión CORRECTO  ----  d
Tue Nov 01 00:25:25 CET 2022  ----  Intento de Inicio de Sesión INCORRECTO  ----  e
Tue Nov 01 00:25:27 CET 2022  ----  Intento de Inicio de Sesión CORRECTO  ----  e
Tue Nov 01 00:25:36 CET 2022  ----  Intento de Inicio de Sesión CORRECTO  ----  admin
Tue Nov 01 00:26:24 CET 2022  ----  Intento de Inicio de Sesión CORRECTO  ----  admin
Tue Nov 01 00:28:39 CET 2022  ----  Intento de Inicio de Sesión CORRECTO  ----  admin
Tue Nov 01 00:31:08 CET 2022  ----  Intento de Inicio de Sesión CORRECTO  ----  admin
Tue Nov 01 00:38:06 CET 2022  ----  Intento de Inicio de Sesión CORRECTO  ----  admin
Tue Nov 01 00:38:50 CET 2022  ----  Intento de Inicio de Sesión CORRECTO  ----  admin
Tue Nov 01 00:40:07 CET 2022  ----  Intento de Inicio de Sesión CORRECTO  ----  admin
Tue Nov 01 00:43:06 CET 2022  ----  Intento de Inicio de Sesión CORRECTO  ----  admin
Tue Nov 01 00:46:55 CET 2022  ----  Intento de Inicio de Sesión CORRECTO  ----  admin
Tue Nov 01 00:48:44 CET 2022  ----  Intento de Inicio de Sesión CORRECTO  ----  admin
Tue Nov 01 00:52:43 CET 2022  ----  Intento de Inicio de Sesión CORRECTO  ----  admin
Tue Nov 01 00:54:10 CET 2022  ----  Intento de Inicio de Sesión CORRECTO  ----  admin
Tue Nov 01 00:58:56 CET 2022  ----  Intento de Inicio de Sesión CORRECTO  ----  admin
Tue Nov 01 01:01:29 CET 2022  ----  Intento de Inicio de Sesión CORRECTO  ----  admin
Tue Nov 01 01:06:32 CET 2022  ----  Intento de Inicio de Sesión CORRECTO  ----  admin
Tue Nov 01 01:11:33 CET 2022  ----  Intento de Inicio de Sesión CORRECTO  ----  admin
Tue Nov 01 01:16:23 CET 2022  ----  Intento de Inicio de Sesión CORRECTO  ----  admin
Tue Nov 01 01:19:43 CET 2022  ----  Intento de Inicio de Sesión CORRECTO  ----  admin
Tue Nov 01 01:21:32 CET 2022  ----  Intento de Inicio de Sesión CORRECTO  ----  admin
Tue Nov 01 01:24:42 CET 2022  ----  Intento de Inicio de Sesión CORRECTO  ----  admin
Tue Nov 01 01:31:30 CET 2022  ----  Intento de Inicio de Sesión CORRECTO  ----  admin
Tue Nov 01 01:32:07 CET 2022  ----  Intento de Inicio de Sesión CORRECTO  ----  admin
Tue Nov 01 01:33:28 CET 2022  ----  Intento de Inicio de Sesión CORRECTO  ----  admin
Tue Nov 01 01:37:57 CET 2022  ----  Intento de Inicio de Sesión CORRECTO  ----  admin
Tue Nov 01 01:40:13 CET 2022  ----  Intento de Inicio de Sesión CORRECTO  ----  admin
Tue Nov 01 01:43:22 CET 2022  ----  Intento de Inicio de Sesión CORRECTO  ----  admin
Tue Nov 01 01:44:59 CET 2022  ----  Intento de Inicio de Sesión CORRECTO  ----  admin
Tue Nov 01 01:47:11 CET 2022  ----  Intento de Inicio de Sesión CORRECTO  ----  admin
Tue Nov 01 01:50:51 CET 2022  ----  Intento de Inicio de Sesión CORRECTO  ----  admin
Tue Nov 01 01:51:49 CET 2022  ----  Intento de Inicio de Sesión INCORRECTO  ----  admin
Tue Nov 01 01:51:52 CET 2022  ----  Intento de Inicio de Sesión CORRECTO  ----  admin
Tue Nov 01 02:01:46 CET 2022  ----  Intento de Inicio de Sesión CORRECTO  ----  admin
Tue Nov 01 02:12:21 CET 2022  ----  Intento de Inicio de Sesión CORRECTO  ----  admin
Tue Nov 01 02:13:38 CET 2022  ----  Intento de Inicio de Sesión CORRECTO  ----  admin
Tue Nov 01 02:18:50 CET 2022  ----  Intento de Inicio de Sesión CORRECTO  ----  admin
Tue Nov 01 02:21:50 CET 2022  ----  Intento de Inicio de Sesión CORRECTO  ----  admin
Tue Nov 01 14:05:21 CET 2022  ----  Intento de Inicio de Sesión INCORRECTO  ----  z
Tue Nov 01 14:05:34 CET 2022  ----  Intento de Inicio de Sesión INCORRECTO  ----  z
Wed Nov 02 14:39:39 CET 2022  ----  Intento de Inicio de Sesión CORRECTO  ----  pepe
Wed Nov 02 14:39:50 CET 2022  ----  Intento de Inicio de Sesión CORRECTO  ----  admin
Wed Nov 02 16:24:07 CET 2022  ----  Intento de Inicio de Sesión CORRECTO  ----  admin
Wed Nov 02 16:28:24 CET 2022  ----  Intento de Inicio de Sesión CORRECTO  ----  admin
Wed Nov 02 16:38:35 CET 2022  ----  Intento de Inicio de Sesión CORRECTO  ----  admin
Wed Nov 02 16:39:13 CET 2022  ----  Intento de Inicio de Sesión CORRECTO  ----  admin
Wed Nov 02 17:50:38 CET 2022  ----  Intento de Inicio de Sesión CORRECTO  ----  admin
Wed Nov 02 17:53:46 CET 2022  ----  Intento de Inicio de Sesión INCORRECTO  ----  esfg
Wed Nov 02 17:54:12 CET 2022  ----  Intento de Inicio de Sesión INCORRECTO  ----  sdfg5
Wed Nov 02 17:54:27 CET 2022  ----  Intento de Inicio de Sesión INCORRECTO  ----  sdfg5
Wed Nov 02 17:54:37 CET 2022  ----  Intento de Inicio de Sesión INCORRECTO  ----  
Wed Nov 02 18:07:39 CET 2022  ----  Intento de Inicio de Sesión INCORRECTO  ----  12
Wed Nov 02 18:07:46 CET 2022  ----  Intento de Inicio de Sesión INCORRECTO  ----  12
Wed Nov 02 18:08:32 CET 2022  ----  Intento de Inicio de Sesión CORRECTO  ----  admin
Wed Nov 02 18:11:59 CET 2022  ----  Intento de Inicio de Sesión CORRECTO  ----  admin
Wed Nov 02 18:15:45 CET 2022  ----  Intento de Inicio de Sesión INCORRECTO  ----  admni
Wed Nov 02 18:15:49 CET 2022  ----  Intento de Inicio de Sesión INCORRECTO  ----  admni
Wed Nov 02 18:15:55 CET 2022  ----  Intento de Inicio de Sesión CORRECTO  ----  admin
Wed Nov 02 18:18:59 CET 2022  ----  Intento de Inicio de Sesión CORRECTO  ----  admin
Wed Nov 02 20:07:37 CET 2022  ----  Intento de Inicio de Sesión CORRECTO  ----  admin
Sat Nov 12 19:55:29 CET 2022  ----  Intento de Inicio de Sesión CORRECTO  ----  a
Sat Nov 12 19:55:52 CET 2022  ----  Intento de Inicio de Sesión INCORRECTO  ----  a
Sat Nov 12 19:55:55 CET 2022  ----  Intento de Inicio de Sesión INCORRECTO  ----  a
Sat Nov 12 19:56:06 CET 2022  ----  Intento de Inicio de Sesión CORRECTO  ----  a
Sat Nov 12 19:56:13 CET 2022  ----  Intento de Inicio de Sesión INCORRECTO  ----  a
Sat Nov 12 19:57:25 CET 2022  ----  Intento de Inicio de Sesión INCORRECTO  ----  a
Sat Nov 12 19:57:27 CET 2022  ----  Intento de Inicio de Sesión INCORRECTO  ----  a
Sun Nov 13 23:39:03 CET 2022  ----  Intento de Inicio de Sesión CORRECTO  ----  b
Sun Nov 13 23:39:17 CET 2022  ----  Intento de Inicio de Sesión CORRECTO  ----  admin
Sun Nov 13 23:39:48 CET 2022  ----  Intento de Inicio de Sesión CORRECTO  ----  admin
Sun Nov 13 23:40:47 CET 2022  ----  Intento de Inicio de Sesión CORRECTO  ----  admin
Sun Nov 13 23:41:35 CET 2022  ----  Intento de Inicio de Sesión CORRECTO  ----  admin
Sun Nov 13 23:41:45 CET 2022  ----  Intento de Inicio de Sesión CORRECTO  ----  admin
